HOST: rejoin
HOST: discover
[0;32mI (137) esp_image: segment 3: paddr=00094ea4 vaddr=408005[0;32mI (18492) GRADIENT_PROBE: Serial command: discover[0m
[0;32mI (18492) GRADIENT_PROBE: Starting broadcast discovery of color dimmable lights[0m
[0;32mI (18612) GRADIENT_PROBE: ZDO signal: NLME Status Indication (0x32), status: ESP_OK[0m
PROBE: DISCOVER match nwk=0xd938 ep=11
[0;32mI (18912) GRADIENT_PROBE: ZDO signal: NLME Status Indication (0x32), status: ESP_OK[0m
PROBE: DISCOVER active_ep nwk=0xd938 count=2 eps=[11,242]
[0;32mI (18952) GRADIENT_PROBE: ZDO signal: NLME Status Indication (0x32), status: ESP_OK[0m
[0;32mI (19162) GRADIENT_PROBE: ZDO signal: NLME Status Indication (0x32), status: ESP_OK[0m
[0;32mI (19322) GRADIENT_PROBE: ZDO signal: NLME Status Indication (0x32), status: ESP_OK[0m
[0;32mI (19862) GRADIENT_PROBE: ZDO signal: NLME Status Indication (0x32), status: ESP_OK[0m
[0;32mI (19882) GRADIENT_PROBE: ZDO signal: NLME Status Indication (0x32), status: ESP_OK[0m
[0;32mI (20162) GRADIENT_PROBE: ZDO signal: NLME Status Indication (0x32), status: ESP_OK[0m
PROBE: DISCOVER simple_desc nwk=0xd938 ep=11 profile=0x0104 device=0x010d ver=1 in=11 out=1 clusters=[0x0000,0x0003,0x0004,0x0005,0x0006,0x0008,0x1000,0xfc03,0x0300,0xfc01,0xfc04 | 0x0019]
PROBE: DISCOVER simple_desc nwk=0xd938 ep=242 profile=0xa1e0 device=0x0061 ver=0 in=0 out=1 clusters=[ | 0x0021]
PROBE: DISCOVER simple_desc nwk=0xd938 ep=11 profile=0x0104 device=0x010d ver=1 in=11 out=1 clusters=[0x0000,0x0003,0x0004,0x0005,0x0006,0x0008,0x1000,0xfc03,0x0300,0xfc01,0xfc04 | 0x0019]
PROBE: DISCOVER simple_desc nwk=0xd938 ep=11 profile=0x0104 device=0x010d ver=1 in=11 out=1 clusters=[0x0000,0x0003,0x0004,0x0005,0x0006,0x0008,0x1000,0xfc03,0x0300,0xfc01,0xfc04 | 0x0019]
PROBE: DISCOVER simple_desc nwk=0xd938 ep=242 profile=0xa1e0 device=0x0061 ver=0 in=0 out=1 clusters=[ | 0x0021]
[0;32mI (24562) GRADIENT_PROBE: DISCOVER complete: 3 endpoints[0m
HOST: readattr ef71 0000 0000 100b
[0;32mI (26492) GRADIENT_PROBE: Serial command: read attr 0x0000 from cluster 0x0000 on 0xef71[0m
[0;32mI (26492) GRADIENT_PROBE: tx read attr 0x0000 from cluster 0x0000 -> nwk=0xef71 ep=11 (manuf=0x100b)[0m
HOST: readattr ef71 0000 0001 100b
[0;32mI (27292) GRADIENT_PROBE: Serial command: read attr 0x0001 from cluster 0x0000 on 0xef71[0m
[0;32mI (27292) GRADIENT_PROBE: tx read attr 0x0001 from cluster 0x0000 -> nwk=0xef71 ep=11 (manuf=0x100b)[0m
HOST: readattr ef71 0000 0003 100b
[0;32mI (28092) GRADIENT_PROBE: Serial command: read attr 0x0003 from cluster 0x0000 on 0xef71[0m
[0;32mI (28092) GRADIENT_PROBE: tx read attr 0x0003 from cluster 0x0000 -> nwk=0xef71 ep=11 (manuf=0x100b)[0m
HOST: readattr ef71 0000 0040 100b
[0;32mI (28892) GRADIENT_PROBE: Serial command: read attr 0x0040 from cluster 0x0000 on 0xef71[0m
[0;32mI (28892) GRADIENT_PROBE: tx read attr 0x0040 from cluster 0x0000 -> nwk=0xef71 ep=11 (manuf=0x100b)[0m
[0;32mI (29522) GRADIENT_PROBE: ZDO signal: NLME Status Indication (0x32), status: ESP_OK[0m
HOST: readattr ef71 0000 0041 100b
[0;32mI (29692) GRADIENT_PROBE: Serial command: read attr 0x0041 from cluster 0x0000 on 0xef71[0m
[0;32mI (29692) GRADIENT_PROBE: tx read attr 0x0041 from cluster 0x0000 -> nwk=0xef71 ep=11 (manuf=0x100b)[0m
HOST: readattr ef71 0000 0050 100b
[0;32mI (30492) GRADIENT_PROBE: Serial command: read attr 0x0050 from cluster 0x0000 on 0xef71[0m
[0;32mI (30492) GRADIENT_PROBE: tx read attr 0x0050 from cluster 0x0000 -> nwk=0xef71 ep=11 (manuf=0x100b)[0m
[0;32mI (30532) GRADIENT_PROBE: ZDO signal: NLME Status Indication (0x32), status: ESP_OK[0m
[0;32mI (30562) GRADIENT_PROBE: ZCL_RAW ep=11->11 cluster=0x0000 profile=0x0104 cmd=0x01/read_attr_resp dir=to_cli manuf=0x100b common=1 payload_len=8[0m
PROBE: zcl_raw_payload (8 bytes): 5000001b01000000
PROBE: read_attr_resp cluster=0x0000 src_ep=11 dst_ep=11
  attr=0x0050 status=0x00 type=0x1b size=4 data=PROBE: value (4 bytes): 01000000
[0;32mI (31182) GRADIENT_PROBE: ZCL_RAW ep=11->11 cluster=0x0000 profile=0x0104 cmd=0x01/read_attr_resp dir=to_cli manuf=0x100b common=1 payload_len=3[0m
PROBE: zcl_raw_payload (3 bytes): 030086
PROBE: read_attr_resp cluster=0x0000 src_ep=11 dst_ep=11
  attr=0x0003 status=0x86 type=0x00 size=0 data=(nil)
HOST: readattr ef71 0000 0020 100b
[0;32mI (31292) GRADIENT_PROBE: Serial command: read attr 0x0020 from cluster 0x0000 on 0xef71[0m
[0;32mI (31292) GRADIENT_PROBE: tx read attr 0x0020 from cluster 0x0000 -> nwk=0xef71 ep=11 (manuf=0x100b)[0m
[0;32mI (31312) GRADIENT_PROBE: ZCL_RAW ep=11->11 cluster=0x0000 profile=0x0104 cmd=0x01/read_attr_resp dir=to_cli manuf=0x100b common=1 payload_len=14[0m
PROBE: zcl_raw_payload (14 bytes): 2000004209303a5057524f4e4031
PROBE: read_attr_resp cluster=0x0000 src_ep=11 dst_ep=11
  attr=0x0020 status=0x00 type=0x42 size=10 data=PROBE: value (10 bytes): 09303a5057524f4e4031
[0;32mI (31922) GRADIENT_PROBE: ZCL_RAW ep=11->11 cluster=0x0000 profile=0x0104 cmd=0x01/read_attr_resp dir=to_cli manuf=0x100b common=1 payload_len=30[0m
PROBE: zcl_raw_payload (30 bytes): 40000042195068696c6970732d4c43553030312d312d50343545434c7631
PROBE: read_attr_resp cluster=0x0000 src_ep=11 dst_ep=11
  attr=0x0040 status=0x00 type=0x42 size=26 data=PROBE: value (26 bytes): 195068696c6970732d4c43553030312d312d50343545434c7631
HOST: readattr ef71 0000 0021 100b
[0;32mI (32092) GRADIENT_PROBE: Serial command: read attr 0x0021 from cluster 0x0000 on 0xef71[0m
[0;32mI (32092) GRADIENT_PROBE: tx read attr 0x0021 from cluster 0x0000 -> nwk=0xef71 ep=11 (manuf=0x100b)[0m
[0;32mI (32112) GRADIENT_PROBE: ZCL_RAW ep=11->11 cluster=0x0000 profile=0x0104 cmd=0x01/read_attr_resp dir=to_cli manuf=0x100b common=1 payload_len=8[0m
PROBE: zcl_raw_payload (8 bytes): 210000238b411500
PROBE: read_attr_resp cluster=0x0000 src_ep=11 dst_ep=11
  attr=0x0021 status=0x00 type=0x23 size=4 data=PROBE: value (4 bytes): 8b411500
[0;32mI (32532) GRADIENT_PROBE: ZCL_RAW ep=11->11 cluster=0x0000 profile=0x0104 cmd=0x01/read_attr_resp dir=to_cli manuf=0x100b common=1 payload_len=3[0m
PROBE: zcl_raw_payload (3 bytes): 000086
PROBE: read_attr_resp cluster=0x0000 src_ep=11 dst_ep=11
  attr=0x0000 status=0x86 type=0x00 size=0 data=(nil)
[0;32mI (32532) GRADIENT_PROBE: ZDO signal: NLME Status Indication (0x32), status: ESP_OK[0m
[0;32mI (32712) GRADIENT_PROBE: ZCL_RAW ep=11->11 cluster=0x0000 profile=0x0104 cmd=0x01/read_attr_resp dir=to_cli manuf=0x100b common=1 payload_len=8[0m
PROBE: zcl_raw_payload (8 bytes): 41000023534fcda5
PROBE: read_attr_resp cluster=0x0000 src_ep=11 dst_ep=11
  attr=0x0041 status=0x00 type=0x23 size=4 data=PROBE: value (4 bytes): 534fcda5
[0;32mI (33332) GRADIENT_PROBE: ZCL_RAW ep=11->11 cluster=0x0000 profile=0x0104 cmd=0x01/read_attr_resp dir=to_cli manuf=0x100b common=1 payload_len=8[0m
PROBE: zcl_raw_payload (8 bytes): 0100002300000000
PROBE: read_attr_resp cluster=0x0000 src_ep=11 dst_ep=11
  attr=0x0001 status=0x00 type=0x23 size=4 data=PROBE: value (4 bytes): 00000000
